<?xml version="1.0" encoding="UTF-8"?>
<!-- Generated by org.testng.reporters.JUnitReportReporter -->
<testsuite hostname="Disney" failures="0" tests="2" name="day21.pack.c2" time="0.013" errors="0" timestamp="2025-08-15T12:08:53 IST" skipped="0">
  <testcase classname="day21.pack.c2" name="c2" time="0.007"/>
  <testcase classname="day21.pack.c2" name="c2" time="0.006"/>
</testsuite> <!-- day21.pack.c2 -->
