<?xml version="1.0" encoding="UTF-8"?>
<!-- Generated by org.testng.reporters.JUnitReportReporter -->
<testsuite hostname="Disney" failures="0" tests="3" name="day22.SignUpTests" time="0.019" errors="0" timestamp="2025-08-18T00:09:26 IST" skipped="0">
  <testcase classname="day22.SignUpTests" name="signupbyemail" time="0.003"/>
  <testcase classname="day22.SignUpTests" name="signupbyfacebook" time="0.008"/>
  <testcase classname="day22.SignUpTests" name="sigupByTwitter" time="0.008"/>
</testsuite> <!-- day22.SignUpTests -->
