<?xml version="1.0" encoding="UTF-8"?>
<!-- Generated by org.testng.reporters.JUnitReportReporter -->
<testsuite hostname="Disney" failures="0" tests="2" name="day21.pack.c3" time="0.020" errors="0" timestamp="2025-08-15T12:08:53 IST" skipped="0">
  <testcase classname="day21.pack.c3" name="hgh" time="0.013"/>
  <testcase classname="day21.pack.c3" name="hgh" time="0.007"/>
</testsuite> <!-- day21.pack.c3 -->
