<?xml version="1.0" encoding="UTF-8"?>
<!-- Generated by org.testng.reporters.JUnitReportReporter -->
<testsuite hostname="Disney" failures="0" tests="2" name="day21.AnnotationsDemo1" time="0.046" errors="0" timestamp="2025-08-15T12:10:17 IST" skipped="0">
  <testcase classname="day21.AnnotationsDemo1" name="EnterNameText" time="0.037"/>
  <testcase classname="day21.AnnotationsDemo1" name="EnteremailText" time="0.009"/>
</testsuite> <!-- day21.AnnotationsDemo1 -->
