<?xml version="1.0" encoding="UTF-8"?>
<!-- Generated by org.testng.reporters.JUnitReportReporter -->
<testsuite hostname="Disney" failures="0" tests="2" name="DAY23.ParamTesting" time="0.416" errors="0" timestamp="2025-08-17T23:28:56 IST" skipped="0">
  <testcase classname="DAY23.ParamTesting" name="TestTitle" time="0.253"/>
  <testcase classname="DAY23.ParamTesting" name="TestTitle" time="0.163"/>
</testsuite> <!-- DAY23.ParamTesting -->
