<?xml version="1.0" encoding="UTF-8"?>
<!-- Generated by org.testng.reporters.JUnitReportReporter -->
<testsuite hostname="Disney" failures="0" tests="2" name="day21.pack.AllTestAnnotations" time="0.043" errors="0" timestamp="2025-08-15T12:21:37 IST" skipped="0">
  <testcase classname="day21.pack.AllTestAnnotations" name="Test2" time="0.012"/>
  <testcase classname="day21.pack.AllTestAnnotations" name="Test1" time="0.031"/>
</testsuite> <!-- day21.pack.AllTestAnnotations -->
