<?xml version="1.0" encoding="UTF-8"?>
<!-- Generated by org.testng.reporters.JUnitReportReporter -->
<testsuite hostname="Disney" failures="0" tests="3" name="day22.LoginTests" time="0.050" errors="0" timestamp="2025-08-17T23:11:23 IST" skipped="0">
  <testcase classname="day22.LoginTests" name="loginbyemail" time="0.041"/>
  <testcase classname="day22.LoginTests" name="loginbyfacebook" time="0.006"/>
  <testcase classname="day22.LoginTests" name="loginByTwitter" time="0.003"/>
</testsuite> <!-- day22.LoginTests -->
