<?xml version="1.0" encoding="UTF-8"?>
<!-- Generated by org.testng.reporters.JUnitReportReporter -->
<testsuite hostname="Disney" failures="0" tests="2" name="day21.AnnotationsDemo2" time="0.019" errors="0" timestamp="2025-08-15T12:10:17 IST" skipped="0">
  <testcase classname="day21.AnnotationsDemo2" name="EnterNameText" time="0.009"/>
  <testcase classname="day21.AnnotationsDemo2" name="EnteremailText" time="0.010"/>
</testsuite> <!-- day21.AnnotationsDemo2 -->
