<?xml version="1.0" encoding="UTF-8"?>
<!-- Generated by org.testng.reporters.JUnitReportReporter -->
<testsuite hostname="Disney" failures="0" tests="3" name="day20.FirstTestCase" time="13.495" errors="0" timestamp="2025-08-15T12:56:51 IST" skipped="0">
  <testcase classname="day20.FirstTestCase" name="openApplication" time="12.178"/>
  <testcase classname="day20.FirstTestCase" name="EnterText" time="0.459"/>
  <testcase classname="day20.FirstTestCase" name="closeApplication" time="0.858"/>
</testsuite> <!-- day20.FirstTestCase -->
