<?xml version="1.0" encoding="UTF-8"?>
<!-- Generated by org.testng.reporters.JUnitReportReporter -->
<testsuite hostname="Disney" failures="0" tests="2" name="day22.PaymentTests" time="0.041" errors="0" timestamp="2025-08-18T00:09:26 IST" skipped="0">
  <testcase classname="day22.PaymentTests" name="PaymentInRupees" time="0.037"/>
  <testcase classname="day22.PaymentTests" name="PaymentInDollars" time="0.004"/>
</testsuite> <!-- day22.PaymentTests -->
